{"uuid":"26d7f6e2-d1e7-421c-9877-098ee0cc3a5a","historyId":"a21b231503fbe64ce7574b4dd987b06d","fullName":"com.sai.restAssured.Tests.DataDrivenTesting.DataDrivenTestingUsingCsvFile.dataDrivenTestingUsingCsvFile","labels":[{"name":"package","value":"com.sai.restAssured.Tests.DataDrivenTesting.DataDrivenTestingUsingCsvFile"},{"name":"testClass","value":"com.sai.restAssured.Tests.DataDrivenTesting.DataDrivenTestingUsingCsvFile"},{"name":"testMethod","value":"dataDrivenTestingUsingCsvFile"},{"name":"parentSuite","value":"Default suite"},{"name":"suite","value":"Default test"},{"name":"subSuite","value":"com.sai.restAssured.Tests.DataDrivenTesting.DataDrivenTestingUsingCsvFile"},{"name":"host","value":"sai"},{"name":"thread","value":"52040@sai.main(1)"},{"name":"framework","value":"testng"},{"name":"language","value":"java"}],"links":[],"name":"dataDrivenTestingUsingCsvFile","status":"broken","statusDetails":{"known":false,"muted":false,"flaky":false,"message":"com.opencsv.exceptions.CsvMalformedLineException: Unterminated quoted field at end of CSV line. Beginning of lost text: [2023-01-01,wonderfull bowls\n]","trace":"java.lang.RuntimeException: com.opencsv.exceptions.CsvMalformedLineException: Unterminated quoted field at end of CSV line. Beginning of lost text: [2023-01-01,wonderfull bowls\n]\r\n\tat org.testng.internal.invokers.MethodInvocationHelper.invokeMethodNoCheckedException(MethodInvocationHelper.java:58)\r\n\tat org.testng.internal.invokers.MethodInvocationHelper.invokeDataProvider(MethodInvocationHelper.java:159)\r\n\tat org.testng.internal.Parameters.handleParameters(Parameters.java:809)\r\n\tat org.testng.internal.Parameters.handleParameters(Parameters.java:734)\r\n\tat org.testng.internal.invokers.ParameterHandler.handleParameters(ParameterHandler.java:72)\r\n\tat org.testng.internal.invokers.ParameterHandler.createParameters(ParameterHandler.java:51)\r\n\tat org.testng.internal.invokers.TestInvoker$MethodInvocationAgent.invoke(TestInvoker.java:946)\r\n\tat org.testng.internal.invokers.TestInvoker.invokeTestMethods(TestInvoker.java:203)\r\n\tat org.testng.internal.invokers.TestMethodWorker.invokeTestMethods(TestMethodWorker.java:154)\r\n\tat org.testng.internal.invokers.TestMethodWorker.run(TestMethodWorker.java:134)\r\n\tat java.base/java.util.ArrayList.forEach(ArrayList.java:1511)\r\n\tat org.testng.TestRunner.privateRun(TestRunner.java:739)\r\n\tat org.testng.TestRunner.run(TestRunner.java:614)\r\n\tat org.testng.SuiteRunner.runTest(SuiteRunner.java:421)\r\n\tat org.testng.SuiteRunner.runSequentially(SuiteRunner.java:413)\r\n\tat org.testng.SuiteRunner.privateRun(SuiteRunner.java:373)\r\n\tat org.testng.SuiteRunner.run(SuiteRunner.java:312)\r\n\tat org.testng.SuiteRunnerWorker.runSuite(SuiteRunnerWorker.java:52)\r\n\tat org.testng.SuiteRunnerWorker.run(SuiteRunnerWorker.java:95)\r\n\tat org.testng.TestNG.runSuitesSequentially(TestNG.java:1274)\r\n\tat org.testng.TestNG.runSuitesLocally(TestNG.java:1208)\r\n\tat org.testng.TestNG.runSuites(TestNG.java:1112)\r\n\tat org.testng.TestNG.run(TestNG.java:1079)\r\n\tat org.testng.remote.AbstractRemoteTestNG.run(AbstractRemoteTestNG.java:115)\r\n\tat org.testng.remote.RemoteTestNG.initAndRun(RemoteTestNG.java:293)\r\n\tat org.testng.remote.RemoteTestNG.main(RemoteTestNG.java:91)\r\nCaused by: com.opencsv.exceptions.CsvMalformedLineException: Unterminated quoted field at end of CSV line. Beginning of lost text: [2023-01-01,wonderfull bowls\n]\r\n\tat com.opencsv.CSVReader.primeNextRecord(CSVReader.java:245)\r\n\tat com.opencsv.CSVReader.flexibleRead(CSVReader.java:610)\r\n\tat com.opencsv.CSVReader.readNext(CSVReader.java:204)\r\n\tat com.sai.restAssured.Tests.DataDrivenTesting.DataDrivenTestingUsingCsvFile.getCsvTestData(DataDrivenTestingUsingCsvFile.java:66)\r\n\tat java.base/jdk.internal.reflect.NativeMethodAccessorImpl.invoke0(Native Method)\r\n\tat java.base/jdk.internal.reflect.NativeMethodAccessorImpl.invoke(NativeMethodAccessorImpl.java:77)\r\n\tat java.base/jdk.internal.reflect.DelegatingMethodAccessorImpl.invoke(DelegatingMethodAccessorImpl.java:43)\r\n\tat java.base/java.lang.reflect.Method.invoke(Method.java:568)\r\n\tat org.testng.internal.invokers.MethodInvocationHelper.invokeMethod(MethodInvocationHelper.java:141)\r\n\tat org.testng.internal.invokers.MethodInvocationHelper.invokeMethod(MethodInvocationHelper.java:86)\r\n\tat org.testng.internal.invokers.MethodInvocationHelper.invokeMethodNoCheckedException(MethodInvocationHelper.java:54)\r\n\t... 25 more\r\n"},"stage":"finished","steps":[],"attachments":[],"parameters":[],"start":1742531213193,"stop":1742531213197}